  CancellationEvent.cpp
C:\Users\Yasser Elsaeed\Desktop\New folder (2)\Team_M5\Restaurant\Generic_DS\LinkedList.h(5,10): warning C4067: unexpected tokens following preprocessor directive - expected a newline
  ArrivalEvent.cpp
C:\Users\Yasser Elsaeed\Desktop\New folder (2)\Team_M5\Restaurant\Generic_DS\LinkedList.h(5,10): warning C4067: unexpected tokens following preprocessor directive - expected a newline
  GUI.cpp
  Main.cpp
C:\Users\Yasser Elsaeed\Desktop\New folder (2)\Team_M5\Restaurant\Generic_DS\LinkedList.h(5,10): warning C4067: unexpected tokens following preprocessor directive - expected a newline
  PromotionEvent.cpp
C:\Users\Yasser Elsaeed\Desktop\New folder (2)\Team_M5\Restaurant\Generic_DS\LinkedList.h(5,10): warning C4067: unexpected tokens following preprocessor directive - expected a newline
  Region.cpp
C:\Users\Yasser Elsaeed\Desktop\New folder (2)\Team_M5\Restaurant\Generic_DS\LinkedList.h(5,10): warning C4067: unexpected tokens following preprocessor directive - expected a newline
C:\Users\Yasser Elsaeed\Desktop\New folder (2)\Team_M5\Restaurant\Region.cpp(5,50): warning C4244: '=': conversion from 'double' to 'int', possible loss of data
  Motorcycle.cpp
  Order.cpp
  Restaurant.cpp
C:\Users\Yasser Elsaeed\Desktop\New folder (2)\Team_M5\Restaurant\Generic_DS\LinkedList.h(5,10): warning C4067: unexpected tokens following preprocessor directive - expected a newline
C:\Users\Yasser Elsaeed\Desktop\New folder (2)\Team_M5\Restaurant\Rest\Restaurant.cpp(92,1): warning C4996: 'itoa': The POSIX name for this item is deprecated. Instead, use the ISO C and C++ conformant name: _itoa. See online help for details.
C:\Program Files (x86)\Windows Kits\10\Include\10.0.18362.0\ucrt\stdlib.h(1323): message : see declaration of 'itoa'
C:\Users\Yasser Elsaeed\Desktop\New folder (2)\Team_M5\Restaurant\Rest\Restaurant.cpp(72,9): warning C4101: 'pOrd': unreferenced local variable
C:\Users\Yasser Elsaeed\Desktop\New folder (2)\Team_M5\Restaurant\Rest\Restaurant.cpp(73,9): warning C4101: 'pEv': unreferenced local variable
C:\Users\Yasser Elsaeed\Desktop\New folder (2)\Team_M5\Restaurant\Rest\Restaurant.cpp(154,1): warning C4996: 'itoa': The POSIX name for this item is deprecated. Instead, use the ISO C and C++ conformant name: _itoa. See online help for details.
C:\Program Files (x86)\Windows Kits\10\Include\10.0.18362.0\ucrt\stdlib.h(1323): message : see declaration of 'itoa'
C:\Users\Yasser Elsaeed\Desktop\New folder (2)\Team_M5\Restaurant\Rest\Restaurant.cpp(134,9): warning C4101: 'pOrd': unreferenced local variable
C:\Users\Yasser Elsaeed\Desktop\New folder (2)\Team_M5\Restaurant\Rest\Restaurant.cpp(135,9): warning C4101: 'pEv': unreferenced local variable
C:\Users\Yasser Elsaeed\Desktop\New folder (2)\Team_M5\Restaurant\Rest\Restaurant.cpp(196,1): warning C4996: 'itoa': The POSIX name for this item is deprecated. Instead, use the ISO C and C++ conformant name: _itoa. See online help for details.
C:\Program Files (x86)\Windows Kits\10\Include\10.0.18362.0\ucrt\stdlib.h(1323): message : see declaration of 'itoa'
C:\Users\Yasser Elsaeed\Desktop\New folder (2)\Team_M5\Restaurant\Rest\Restaurant.cpp(177,9): warning C4101: 'pOrd': unreferenced local variable
C:\Users\Yasser Elsaeed\Desktop\New folder (2)\Team_M5\Restaurant\Rest\Restaurant.cpp(178,9): warning C4101: 'pEv': unreferenced local variable
  Generating Code...
  Restaurant.vcxproj -> C:\Users\Yasser Elsaeed\Desktop\New folder (2)\Team_M5\Debug\Restaurant.exe
